[HTTP] Binding to address: :1080
Creating API v1 with WebPath: 
Creating API v2 with WebPath: 
[APIv1] KEEPALIVE /api/v1/events
[APIv1] KEEPALIVE /api/v1/events
[APIv1] KEEPALIVE /api/v1/events
[APIv1] KEEPALIVE /api/v1/events
[APIv1] KEEPALIVE /api/v1/events
[APIv1] KEEPALIVE /api/v1/events
[APIv1] KEEPALIVE /api/v1/events
[APIv1] KEEPALIVE /api/v1/events
[APIv1] KEEPALIVE /api/v1/events
[APIv1] KEEPALIVE /api/v1/events
[APIv1] KEEPALIVE /api/v1/events
[APIv1] KEEPALIVE /api/v1/events
[APIv1] KEEPALIVE /api/v1/events
[APIv1] KEEPALIVE /api/v1/events
[APIv1] KEEPALIVE /api/v1/events
[APIv1] KEEPALIVE /api/v1/events
[APIv1] KEEPALIVE /api/v1/events
[APIv1] KEEPALIVE /api/v1/events
[APIv1] KEEPALIVE /api/v1/events
[APIv1] KEEPALIVE /api/v1/events
[APIv1] KEEPALIVE /api/v1/events
[APIv1] KEEPALIVE /api/v1/events
[APIv1] KEEPALIVE /api/v1/events
[APIv1] KEEPALIVE /api/v1/events
[APIv1] KEEPALIVE /api/v1/events
[APIv1] KEEPALIVE /api/v1/events
[APIv1] KEEPALIVE /api/v1/events
[APIv1] KEEPALIVE /api/v1/events
[APIv1] KEEPALIVE /api/v1/events
[APIv1] KEEPALIVE /api/v1/events
[APIv1] KEEPALIVE /api/v1/events
[APIv1] KEEPALIVE /api/v1/events
[APIv1] KEEPALIVE /api/v1/events
[APIv1] KEEPALIVE /api/v1/events
[APIv1] KEEPALIVE /api/v1/events
[APIv1] KEEPALIVE /api/v1/events
[APIv1] KEEPALIVE /api/v1/events
[APIv1] KEEPALIVE /api/v1/events
[APIv1] KEEPALIVE /api/v1/events
[APIv1] KEEPALIVE /api/v1/events
[APIv1] KEEPALIVE /api/v1/events
[APIv1] KEEPALIVE /api/v1/events
[APIv1] KEEPALIVE /api/v1/events
[APIv1] KEEPALIVE /api/v1/events
[APIv1] KEEPALIVE /api/v1/events
[APIv1] KEEPALIVE /api/v1/events
[APIv1] KEEPALIVE /api/v1/events
[APIv1] KEEPALIVE /api/v1/events
[APIv1] KEEPALIVE /api/v1/events
[APIv1] KEEPALIVE /api/v1/events
[APIv1] KEEPALIVE /api/v1/events
[APIv1] KEEPALIVE /api/v1/events
[APIv1] KEEPALIVE /api/v1/events
[APIv1] KEEPALIVE /api/v1/events
[APIv1] KEEPALIVE /api/v1/events
[APIv1] KEEPALIVE /api/v1/events
[APIv1] KEEPALIVE /api/v1/events
[APIv1] KEEPALIVE /api/v1/events
[APIv1] KEEPALIVE /api/v1/events
[APIv1] KEEPALIVE /api/v1/events
[APIv1] KEEPALIVE /api/v1/events
[APIv1] KEEPALIVE /api/v1/events
[APIv1] KEEPALIVE /api/v1/events
[APIv1] KEEPALIVE /api/v1/events
[APIv1] KEEPALIVE /api/v1/events
[APIv1] KEEPALIVE /api/v1/events
[APIv1] KEEPALIVE /api/v1/events
[APIv1] KEEPALIVE /api/v1/events
[APIv1] KEEPALIVE /api/v1/events
[APIv1] KEEPALIVE /api/v1/events
[APIv1] KEEPALIVE /api/v1/events
[APIv1] KEEPALIVE /api/v1/events
[APIv1] KEEPALIVE /api/v1/events
[APIv1] KEEPALIVE /api/v1/events
[APIv1] KEEPALIVE /api/v1/events
[APIv1] KEEPALIVE /api/v1/events
[APIv1] KEEPALIVE /api/v1/events
[APIv1] KEEPALIVE /api/v1/events
[APIv1] KEEPALIVE /api/v1/events
[APIv1] KEEPALIVE /api/v1/events
[APIv1] KEEPALIVE /api/v1/events
[APIv1] KEEPALIVE /api/v1/events
Got message in APIv2 websocket channel
[APIv2] BROADCAST /api/v2/websocket
Got message in APIv1 event stream
Sending content: {
  "ID": "VnoiT2Q1T2LFLmiUtzBxd_BPFb2KlRZVbDI5LOCY6XM=@mailhog.example",
  "From": {
    "Relays": null,
    "Mailbox": "www-data",
    "Domain": "a9f00fedbb74",
    "Params": ""
  },
  "To": [
    {
      "Relays": null,
      "Mailbox": "mailhog",
      "Domain": "flywheel.local",
      "Params": ""
    }
  ],
  "Content": {
    "Headers": {
      "Content-Type": [
        "text/html; charset=UTF-8"
      ],
      "Date": [
        "Fri, 16 Feb 2018 17:33:44 +0000"
      ],
      "From": [
        "WordPress \u003cairgore@gmail.com\u003e"
      ],
      "MIME-Version": [
        "1.0"
      ],
      "Message-ID": [
        "\u003cb02eaf6de6d2f712a764b6dc4a2abacc@chiedo-test.local\u003e"
      ],
      "Received": [
        "from localhost by mailhog.example (MailHog)\r\n          id VnoiT2Q1T2LFLmiUtzBxd_BPFb2KlRZVbDI5LOCY6XM=@mailhog.example; Fri, 16 Feb 2018 17:33:44 +0000"
      ],
      "Return-Path": [
        "\u003cwww-data@a9f00fedbb74\u003e"
      ],
      "Subject": [
        "User has deactivated Plugin - Blog Designer"
      ],
      "To": [
        "pluginsd@solwininfotech.com"
      ],
      "X-Mailer": [
        "PHP7.1.7"
      ],
      "X-PHP-Originating-Script": [
        "1000:class-phpmailer.php"
      ],
      "X-Priority": [
        "3"
      ]
    },
    "Body": "        \u003cdiv style=\"background: #F5F5F5; border-width: 1px; border-style: solid; padding-bottom: 20px; margin: 0px auto; width: 750px; height: auto; border-radius: 3px 3px 3px 3px; border-color: #5C5C5C;\"\u003e\r\n            \u003cdiv style=\"border: #FFF 1px solid; background-color: #ffffff !important; margin: 20px 20px 0;\r\n                 height: auto; -moz-border-radius: 3px; padding-top: 15px;\"\u003e\r\n                \u003cdiv style=\"padding: 20px 20px 20px 20px; font-family: Arial, Helvetica, sans-serif;\r\n                     height: auto; color: #333333; font-size: 13px;\"\u003e\r\n                    \u003cdiv style=\"width: 100%;\"\u003e\r\n                        \u003cstrong\u003eDear Admin (Blog Designer plugin developer)\u003c/strong\u003e,\r\n                        \u003cbr /\u003e\r\n                        \u003cbr /\u003e\r\n                        Thank you for developing useful plugin.\r\n                        \u003cbr /\u003e\r\n                        \u003cbr /\u003e\r\n                        I have deactivated plugin because of following reason.\r\n                        \u003cbr /\u003e\r\n                        \u003cbr /\u003e\r\n                        \u003cdiv\u003e\r\n                            \u003ctable border='0' cellpadding='5' cellspacing='0' style=\"font-family: Arial, Helvetica, sans-serif; font-size: 13px;color: #333333;width: 100%;\"\u003e\r\n                                \u003ctr style=\"border-bottom: 1px solid #eee;\"\u003e\r\n                                    \u003cth style=\"padding: 8px 5px; text-align: left; width: 120px;\"\u003e\r\n                                        Reason ID\u003cspan style=\"float:right\"\u003e:\u003c/span\u003e\r\n                                    \u003c/th\u003e\r\n                                    \u003ctd style=\"padding: 8px 5px;\"\u003e\r\n                                        9                                    \u003c/td\u003e\r\n                                \u003c/tr\u003e\r\n                                \u003ctr style=\"border-bottom: 1px solid #eee;\"\u003e\r\n                                    \u003cth style=\"padding: 8px 5px; text-align: left; width: 120px;\"\u003e\r\n                                        Reason\u003cspan style=\"float:right\"\u003e:\u003c/span\u003e\r\n                                    \u003c/th\u003e\r\n                                    \u003ctd style=\"padding: 8px 5px;\"\u003e\r\n                                                                            \u003c/td\u003e\r\n                                \u003c/tr\u003e\r\n                                \u003ctr style=\"border-bottom: 1px solid #eee;\"\u003e\r\n                                    \u003cth style=\"padding: 8px 5px; text-align: left;width: 120px;\"\u003e\r\n                                        Website\u003cspan style=\"float:right\"\u003e:\u003c/span\u003e\r\n                                    \u003c/th\u003e\r\n                                    \u003ctd style=\"padding: 8px 5px;\"\u003e\r\n                                        http://chiedo-test.local                                    \u003c/td\u003e\r\n                                \u003c/tr\u003e\r\n                                \u003ctr style=\"border-bottom: 1px solid #eee;\"\u003e\r\n                                    \u003cth style=\"padding: 8px 5px; text-align: left;width: 120px;\"\u003e\r\n                                        Email\u003cspan style=\"float:right\"\u003e:\u003c/span\u003e\r\n                                    \u003c/th\u003e\r\n                                    \u003ctd style=\"padding: 8px 5px;\"\u003e\r\n                                        airgore@gmail.com                                    \u003c/td\u003e\r\n                                \u003c/tr\u003e\r\n                                \u003ctr style=\"border-bottom: 1px solid #eee;\"\u003e\r\n                                    \u003cth style=\"padding: 8px 5px; text-align: left; width: 120px;\"\u003e\r\n                                        Date\u003cspan style=\"float:right\"\u003e:\u003c/span\u003e\r\n                                    \u003c/th\u003e\r\n                                    \u003ctd style=\"padding: 8px 5px;\"\u003e\r\n                                        16-Feb-2018  05:33  PM                                    \u003c/td\u003e\r\n                                \u003c/tr\u003e\r\n                                 \u003ctr style=\"border-bottom: 1px solid #eee;\"\u003e\r\n                                    \u003cth style=\"padding: 8px 5px; text-align: left; width: 120px;\"\u003e\r\n                                        Country\u003cspan style=\"float:right\"\u003e:\u003c/span\u003e\r\n                                    \u003c/th\u003e\r\n                                    \u003ctd style=\"padding: 8px 5px;\"\u003e\r\n                                        US                                    \u003c/td\u003e\r\n                                \u003c/tr\u003e\r\n                                \u003ctr style=\"border-bottom: 1px solid #eee;\"\u003e\r\n                                    \u003cth style=\"padding: 8px 5px; text-align: left; width: 120px;\"\u003e\r\n                                        Plugin\u003cspan style=\"float:right\"\u003e:\u003c/span\u003e\r\n                                    \u003c/th\u003e\r\n                                    \u003ctd style=\"padding: 8px 5px;\"\u003e\r\n                                        Blog Designer                                    \u003c/td\u003e\r\n                                \u003c/tr\u003e\r\n                            \u003c/table\u003e\r\n                            \u003cbr /\u003e\u003cbr /\u003e\r\n                            Again Thanks you\r\n                            \u003cbr /\u003e\r\n                            \u003cbr /\u003e\r\n                            Regards\r\n                            \u003cbr /\u003e\r\n                            http://chiedo-test.local                        \u003c/div\u003e\r\n                    \u003c/div\u003e\r\n                \u003c/div\u003e\r\n            \u003c/div\u003e\r\n        \u003c/div\u003e\r\n        \r\n",
    "Size": 5687,
    "MIME": null
  },
  "Created": "2018-02-16T17:33:44.234373011Z",
  "MIME": null,
  "Raw": {
    "From": "www-data@a9f00fedbb74",
    "To": [
      "mailhog@flywheel.local"
    ],
    "Data": "To: pluginsd@solwininfotech.com\r\nSubject: User has deactivated Plugin - Blog Designer\r\nX-PHP-Originating-Script: 1000:class-phpmailer.php\r\nDate: Fri, 16 Feb 2018 17:33:44 +0000\r\nFrom: WordPress \u003cairgore@gmail.com\u003e\r\nMessage-ID: \u003cb02eaf6de6d2f712a764b6dc4a2abacc@chiedo-test.local\u003e\r\nX-Mailer: PHPMailer 5.2.22 (https://github.com/PHPMailer/PHPMailer)\r\nMIME-Version: 1.0;\r\nX-Priority: 3\r\nX-Mailer: PHP7.1.7\r\nMIME-Version: 1.0\r\nContent-Type: text/html; charset=UTF-8\r\n\r\n        \u003cdiv style=\"background: #F5F5F5; border-width: 1px; border-style: solid; padding-bottom: 20px; margin: 0px auto; width: 750px; height: auto; border-radius: 3px 3px 3px 3px; border-color: #5C5C5C;\"\u003e\r\n            \u003cdiv style=\"border: #FFF 1px solid; background-color: #ffffff !important; margin: 20px 20px 0;\r\n                 height: auto; -moz-border-radius: 3px; padding-top: 15px;\"\u003e\r\n                \u003cdiv style=\"padding: 20px 20px 20px 20px; font-family: Arial, Helvetica, sans-serif;\r\n                     height: auto; color: #333333; font-size: 13px;\"\u003e\r\n                    \u003cdiv style=\"width: 100%;\"\u003e\r\n                        \u003cstrong\u003eDear Admin (Blog Designer plugin developer)\u003c/strong\u003e,\r\n                        \u003cbr /\u003e\r\n                        \u003cbr /\u003e\r\n                        Thank you for developing useful plugin.\r\n                        \u003cbr /\u003e\r\n                        \u003cbr /\u003e\r\n                        I have deactivated plugin because of following reason.\r\n                        \u003cbr /\u003e\r\n                        \u003cbr /\u003e\r\n                        \u003cdiv\u003e\r\n                            \u003ctable border='0' cellpadding='5' cellspacing='0' style=\"font-family: Arial, Helvetica, sans-serif; font-size: 13px;color: #333333;width: 100%;\"\u003e\r\n                                \u003ctr style=\"border-bottom: 1px solid #eee;\"\u003e\r\n                                    \u003cth style=\"padding: 8px 5px; text-align: left; width: 120px;\"\u003e\r\n                                        Reason ID\u003cspan style=\"float:right\"\u003e:\u003c/span\u003e\r\n                                    \u003c/th\u003e\r\n                                    \u003ctd style=\"padding: 8px 5px;\"\u003e\r\n                                        9                                    \u003c/td\u003e\r\n                                \u003c/tr\u003e\r\n                                \u003ctr style=\"border-bottom: 1px solid #eee;\"\u003e\r\n                                    \u003cth style=\"padding: 8px 5px; text-align: left; width: 120px;\"\u003e\r\n                                        Reason\u003cspan style=\"float:right\"\u003e:\u003c/span\u003e\r\n                                    \u003c/th\u003e\r\n                                    \u003ctd style=\"padding: 8px 5px;\"\u003e\r\n                                                                            \u003c/td\u003e\r\n                                \u003c/tr\u003e\r\n                                \u003ctr style=\"border-bottom: 1px solid #eee;\"\u003e\r\n                                    \u003cth style=\"padding: 8px 5px; text-align: left;width: 120px;\"\u003e\r\n                                        Website\u003cspan style=\"float:right\"\u003e:\u003c/span\u003e\r\n                                    \u003c/th\u003e\r\n                                    \u003ctd style=\"padding: 8px 5px;\"\u003e\r\n                                        http://chiedo-test.local                                    \u003c/td\u003e\r\n                                \u003c/tr\u003e\r\n                                \u003ctr style=\"border-bottom: 1px solid #eee;\"\u003e\r\n                                    \u003cth style=\"padding: 8px 5px; text-align: left;width: 120px;\"\u003e\r\n                                        Email\u003cspan style=\"float:right\"\u003e:\u003c/span\u003e\r\n                                    \u003c/th\u003e\r\n                                    \u003ctd style=\"padding: 8px 5px;\"\u003e\r\n                                        airgore@gmail.com                                    \u003c/td\u003e\r\n                                \u003c/tr\u003e\r\n                                \u003ctr style=\"border-bottom: 1px solid #eee;\"\u003e\r\n                                    \u003cth style=\"padding: 8px 5px; text-align: left; width: 120px;\"\u003e\r\n                                        Date\u003cspan style=\"float:right\"\u003e:\u003c/span\u003e\r\n                                    \u003c/th\u003e\r\n                                    \u003ctd style=\"padding: 8px 5px;\"\u003e\r\n                                        16-Feb-2018  05:33  PM                                    \u003c/td\u003e\r\n                                \u003c/tr\u003e\r\n                                 \u003ctr style=\"border-bottom: 1px solid #eee;\"\u003e\r\n                                    \u003cth style=\"padding: 8px 5px; text-align: left; width: 120px;\"\u003e\r\n                                        Country\u003cspan style=\"float:right\"\u003e:\u003c/span\u003e\r\n                                    \u003c/th\u003e\r\n                                    \u003ctd style=\"padding: 8px 5px;\"\u003e\r\n                                        US                                    \u003c/td\u003e\r\n                                \u003c/tr\u003e\r\n                                \u003ctr style=\"border-bottom: 1px solid #eee;\"\u003e\r\n                                    \u003cth style=\"padding: 8px 5px; text-align: left; width: 120px;\"\u003e\r\n                                        Plugin\u003cspan style=\"float:right\"\u003e:\u003c/span\u003e\r\n                                    \u003c/th\u003e\r\n                                    \u003ctd style=\"padding: 8px 5px;\"\u003e\r\n                                        Blog Designer                                    \u003c/td\u003e\r\n                                \u003c/tr\u003e\r\n                            \u003c/table\u003e\r\n                            \u003cbr /\u003e\u003cbr /\u003e\r\n                            Again Thanks you\r\n                            \u003cbr /\u003e\r\n                            \u003cbr /\u003e\r\n                            Regards\r\n                            \u003cbr /\u003e\r\n                            http://chiedo-test.local                        \u003c/div\u003e\r\n                    \u003c/div\u003e\r\n                \u003c/div\u003e\r\n            \u003c/div\u003e\r\n        \u003c/div\u003e\r\n        \r\n",
    "Helo": "localhost"
  }
}

[APIv1] BROADCAST /api/v1/events
[APIv1] KEEPALIVE /api/v1/events
[APIv1] KEEPALIVE /api/v1/events
[APIv1] KEEPALIVE /api/v1/events
[APIv1] KEEPALIVE /api/v1/events
[APIv1] KEEPALIVE /api/v1/events
[APIv1] KEEPALIVE /api/v1/events
[APIv1] KEEPALIVE /api/v1/events
[APIv1] KEEPALIVE /api/v1/events
[APIv1] KEEPALIVE /api/v1/events
[APIv1] KEEPALIVE /api/v1/events
[APIv1] KEEPALIVE /api/v1/events
[APIv1] KEEPALIVE /api/v1/events
[APIv1] KEEPALIVE /api/v1/events
[APIv1] KEEPALIVE /api/v1/events
[APIv1] KEEPALIVE /api/v1/events
[APIv1] KEEPALIVE /api/v1/events
[APIv1] KEEPALIVE /api/v1/events
[APIv1] KEEPALIVE /api/v1/events
[APIv1] KEEPALIVE /api/v1/events
[APIv1] KEEPALIVE /api/v1/events
[APIv1] KEEPALIVE /api/v1/events
[APIv1] KEEPALIVE /api/v1/events
[APIv1] KEEPALIVE /api/v1/events
[APIv1] KEEPALIVE /api/v1/events
[APIv1] KEEPALIVE /api/v1/events
[APIv1] KEEPALIVE /api/v1/events
[APIv1] KEEPALIVE /api/v1/events
[APIv1] KEEPALIVE /api/v1/events
[APIv1] KEEPALIVE /api/v1/events
[APIv1] KEEPALIVE /api/v1/events
[APIv1] KEEPALIVE /api/v1/events
[APIv1] KEEPALIVE /api/v1/events
[APIv1] KEEPALIVE /api/v1/events
[APIv1] KEEPALIVE /api/v1/events
[APIv1] KEEPALIVE /api/v1/events
[APIv1] KEEPALIVE /api/v1/events
[APIv1] KEEPALIVE /api/v1/events
[APIv1] KEEPALIVE /api/v1/events
[APIv1] KEEPALIVE /api/v1/events
[APIv1] KEEPALIVE /api/v1/events
[APIv1] KEEPALIVE /api/v1/events
[APIv1] KEEPALIVE /api/v1/events
[APIv1] KEEPALIVE /api/v1/events
[APIv1] KEEPALIVE /api/v1/events
[APIv1] KEEPALIVE /api/v1/events
[APIv1] KEEPALIVE /api/v1/events
[APIv1] KEEPALIVE /api/v1/events
[APIv1] KEEPALIVE /api/v1/events
[APIv1] KEEPALIVE /api/v1/events
[APIv1] KEEPALIVE /api/v1/events
[APIv1] KEEPALIVE /api/v1/events
[APIv1] KEEPALIVE /api/v1/events
[APIv1] KEEPALIVE /api/v1/events
[APIv1] KEEPALIVE /api/v1/events
[APIv1] KEEPALIVE /api/v1/events
[APIv1] KEEPALIVE /api/v1/events
[APIv1] KEEPALIVE /api/v1/events
[APIv1] KEEPALIVE /api/v1/events
[APIv1] KEEPALIVE /api/v1/events
[APIv1] KEEPALIVE /api/v1/events
[APIv1] KEEPALIVE /api/v1/events
[APIv1] KEEPALIVE /api/v1/events
[APIv1] KEEPALIVE /api/v1/events
[APIv1] KEEPALIVE /api/v1/events
[APIv1] KEEPALIVE /api/v1/events
[APIv1] KEEPALIVE /api/v1/events
[APIv1] KEEPALIVE /api/v1/events
[APIv1] KEEPALIVE /api/v1/events
[APIv1] KEEPALIVE /api/v1/events
[APIv1] KEEPALIVE /api/v1/events
[APIv1] KEEPALIVE /api/v1/events
[APIv1] KEEPALIVE /api/v1/events
[APIv1] KEEPALIVE /api/v1/events
[APIv1] KEEPALIVE /api/v1/events
[APIv1] KEEPALIVE /api/v1/events
[APIv1] KEEPALIVE /api/v1/events
[APIv1] KEEPALIVE /api/v1/events
[APIv1] KEEPALIVE /api/v1/events
[APIv1] KEEPALIVE /api/v1/events
[APIv1] KEEPALIVE /api/v1/events
[APIv1] KEEPALIVE /api/v1/events
[APIv1] KEEPALIVE /api/v1/events
[APIv1] KEEPALIVE /api/v1/events
[APIv1] KEEPALIVE /api/v1/events
[APIv1] KEEPALIVE /api/v1/events
[APIv1] KEEPALIVE /api/v1/events
[APIv1] KEEPALIVE /api/v1/events
[APIv1] KEEPALIVE /api/v1/events
[APIv1] KEEPALIVE /api/v1/events
[APIv1] KEEPALIVE /api/v1/events
[APIv1] KEEPALIVE /api/v1/events
[APIv1] KEEPALIVE /api/v1/events
[APIv1] KEEPALIVE /api/v1/events
[APIv1] KEEPALIVE /api/v1/events
[APIv1] KEEPALIVE /api/v1/events
[APIv1] KEEPALIVE /api/v1/events
[APIv1] KEEPALIVE /api/v1/events
[APIv1] KEEPALIVE /api/v1/events
[APIv1] KEEPALIVE /api/v1/events
[APIv1] KEEPALIVE /api/v1/events
[APIv1] KEEPALIVE /api/v1/events
[APIv1] KEEPALIVE /api/v1/events
[APIv1] KEEPALIVE /api/v1/events
[APIv1] KEEPALIVE /api/v1/events
[APIv1] KEEPALIVE /api/v1/events
[APIv1] KEEPALIVE /api/v1/events
[APIv1] KEEPALIVE /api/v1/events
[APIv1] KEEPALIVE /api/v1/events
[APIv1] KEEPALIVE /api/v1/events
[APIv1] KEEPALIVE /api/v1/events
[APIv1] KEEPALIVE /api/v1/events
[APIv1] KEEPALIVE /api/v1/events
[APIv1] KEEPALIVE /api/v1/events
[APIv1] KEEPALIVE /api/v1/events
[APIv1] KEEPALIVE /api/v1/events
[APIv1] KEEPALIVE /api/v1/events
[APIv1] KEEPALIVE /api/v1/events
[APIv1] KEEPALIVE /api/v1/events
[APIv1] KEEPALIVE /api/v1/events
[APIv1] KEEPALIVE /api/v1/events
[APIv1] KEEPALIVE /api/v1/events
[APIv1] KEEPALIVE /api/v1/events
[APIv1] KEEPALIVE /api/v1/events
[APIv1] KEEPALIVE /api/v1/events
[APIv1] KEEPALIVE /api/v1/events
[APIv1] KEEPALIVE /api/v1/events
[APIv1] KEEPALIVE /api/v1/events
[APIv1] KEEPALIVE /api/v1/events
[APIv1] KEEPALIVE /api/v1/events
[APIv1] KEEPALIVE /api/v1/events
[APIv1] KEEPALIVE /api/v1/events
[APIv1] KEEPALIVE /api/v1/events
[APIv1] KEEPALIVE /api/v1/events
[APIv1] KEEPALIVE /api/v1/events
[APIv1] KEEPALIVE /api/v1/events
