2018-02-16 15:35:12,466 CRIT Supervisor running as root (no user in config file)
2018-02-16 15:35:12,466 WARN Included extra file "/etc/supervisor/conf.d/supervisord.conf" during parsing
2018-02-16 15:35:12,513 INFO RPC interface 'supervisor' initialized
2018-02-16 15:35:12,514 CRIT Server 'unix_http_server' running without any HTTP authentication checking
2018-02-16 15:35:12,514 INFO supervisord started with pid 1
2018-02-16 15:35:13,531 INFO spawned: 'varnishd' with pid 13
2018-02-16 15:35:13,584 INFO spawned: 'php-fpm' with pid 14
2018-02-16 15:35:13,641 INFO spawned: 'varnish-plugins-watcher' with pid 15
2018-02-16 15:35:13,669 INFO spawned: 'nginx' with pid 16
2018-02-16 15:35:13,764 INFO spawned: 'MailHog' with pid 17
2018-02-16 15:35:13,826 INFO spawned: 'mysql' with pid 20
2018-02-16 15:35:13,850 INFO spawned: 'varnish-themes-watcher' with pid 21
2018-02-16 15:35:15,412 INFO success: varnishd entered RUNNING state, process has stayed up for > than 1 seconds (startsecs)
2018-02-16 15:35:15,413 INFO success: php-fpm entered RUNNING state, process has stayed up for > than 1 seconds (startsecs)
2018-02-16 15:35:15,413 INFO success: varnish-plugins-watcher entered RUNNING state, process has stayed up for > than 1 seconds (startsecs)
2018-02-16 15:35:15,413 INFO success: nginx entered RUNNING state, process has stayed up for > than 1 seconds (startsecs)
2018-02-16 15:35:15,414 INFO success: MailHog entered RUNNING state, process has stayed up for > than 1 seconds (startsecs)
2018-02-16 15:35:15,414 INFO success: mysql entered RUNNING state, process has stayed up for > than 1 seconds (startsecs)
2018-02-16 15:35:15,414 INFO success: varnish-themes-watcher entered RUNNING state, process has stayed up for > than 1 seconds (startsecs)
2018-02-16 15:53:34,324 INFO exited: varnishd (exit status 0; expected)
2018-02-16 15:53:35,333 INFO spawned: 'varnishd' with pid 462
2018-02-16 15:53:36,981 INFO success: varnishd entered RUNNING state, process has stayed up for > than 1 seconds (startsecs)
2018-02-16 15:53:38,178 INFO exited: varnishd (exit status 0; expected)
2018-02-16 15:53:39,185 INFO spawned: 'varnishd' with pid 696
2018-02-16 15:53:40,211 INFO success: varnishd entered RUNNING state, process has stayed up for > than 1 seconds (startsecs)
2018-02-16 16:05:35,550 CRIT Supervisor running as root (no user in config file)
2018-02-16 16:05:35,551 WARN Included extra file "/etc/supervisor/conf.d/supervisord.conf" during parsing
2018-02-16 16:05:35,921 INFO RPC interface 'supervisor' initialized
2018-02-16 16:05:35,921 CRIT Server 'unix_http_server' running without any HTTP authentication checking
2018-02-16 16:05:35,921 INFO supervisord started with pid 1
2018-02-16 16:05:36,927 INFO spawned: 'varnishd' with pid 7
2018-02-16 16:05:36,930 INFO spawned: 'php-fpm' with pid 8
2018-02-16 16:05:36,935 INFO spawned: 'varnish-plugins-watcher' with pid 9
2018-02-16 16:05:36,939 INFO spawned: 'nginx' with pid 10
2018-02-16 16:05:36,950 INFO spawned: 'MailHog' with pid 11
2018-02-16 16:05:36,980 INFO spawned: 'mysql' with pid 12
2018-02-16 16:05:36,988 INFO spawned: 'varnish-themes-watcher' with pid 13
2018-02-16 16:05:37,961 INFO success: varnishd entered RUNNING state, process has stayed up for > than 1 seconds (startsecs)
2018-02-16 16:05:37,961 INFO success: php-fpm entered RUNNING state, process has stayed up for > than 1 seconds (startsecs)
2018-02-16 16:05:37,961 INFO success: varnish-plugins-watcher entered RUNNING state, process has stayed up for > than 1 seconds (startsecs)
2018-02-16 16:05:37,961 INFO success: nginx entered RUNNING state, process has stayed up for > than 1 seconds (startsecs)
2018-02-16 16:05:37,961 INFO success: MailHog entered RUNNING state, process has stayed up for > than 1 seconds (startsecs)
2018-02-16 16:05:37,961 INFO success: mysql entered RUNNING state, process has stayed up for > than 1 seconds (startsecs)
2018-02-16 16:05:38,115 INFO success: varnish-themes-watcher entered RUNNING state, process has stayed up for > than 1 seconds (startsecs)
2018-02-16 17:33:47,888 INFO exited: varnish-plugins-watcher (exit status 0; expected)
2018-02-16 17:33:48,894 INFO spawned: 'varnish-plugins-watcher' with pid 375
2018-02-16 17:33:49,897 INFO success: varnish-plugins-watcher entered RUNNING state, process has stayed up for > than 1 seconds (startsecs)
2018-02-16 22:01:31,095 INFO exited: varnish-plugins-watcher (exit status 0; expected)
2018-02-16 22:01:32,104 INFO spawned: 'varnish-plugins-watcher' with pid 401
2018-02-16 22:01:33,106 INFO success: varnish-plugins-watcher entered RUNNING state, process has stayed up for > than 1 seconds (startsecs)
